# JRE version: Java(TM) SE Runtime Environment (8.0_91-b14) (build 1.8.0_91-b14)
# Java VM: Java HotSpot(TM) 64-Bit Server VM (25.91-b14 mixed mode windows-amd64 compressed oops)
Heap:
 PSYoungGen      total 57344K, used 18633K [0x0000000780500000, 0x0000000784500000, 0x00000007c0000000)
  eden space 49152K, 37% used [0x0000000780500000,0x0000000781732400,0x0000000783500000)
  from space 8192K, 0% used [0x0000000783500000,0x0000000783500000,0x0000000783d00000)
  to   space 8192K, 0% used [0x0000000783d00000,0x0000000783d00000,0x0000000784500000)
 ParOldGen       total 98304K, used 8153K [0x0000000700e00000, 0x0000000706e00000, 0x0000000780500000)
  object space 98304K, 8% used [0x0000000700e00000,0x00000007015f6490,0x0000000706e00000)
 Metaspace       used 22703K, capacity 23926K, committed 24064K, reserved 1071104K
  class space    used 3071K, capacity 3324K, committed 3328K, reserved 1048576K
GC Heap History (4 events):
Event: 1.569 GC heap before
{Heap before GC invocations=1 (full 0):
 PSYoungGen      total 57344K, used 48677K [0x0000000780500000, 0x0000000784500000, 0x00000007c0000000)
  eden space 49152K, 99% used [0x0000000780500000,0x0000000783489480,0x0000000783500000)
  from space 8192K, 0% used [0x0000000783d00000,0x0000000783d00000,0x0000000784500000)
  to   space 8192K, 0% used [0x0000000783500000,0x0000000783500000,0x0000000783d00000)
 ParOldGen       total 131072K, used 0K [0x0000000700e00000, 0x0000000708e00000, 0x0000000780500000)
  object space 131072K, 0% used [0x0000000700e00000,0x0000000700e00000,0x0000000708e00000)
 Metaspace       used 20142K, capacity 21204K, committed 21248K, reserved 1067008K
  class space    used 2820K, capacity 3039K, committed 3072K, reserved 1048576K
Event: 1.575 GC heap after
Heap after GC invocations=1 (full 0):
 PSYoungGen      total 57344K, used 8186K [0x0000000780500000, 0x0000000784500000, 0x00000007c0000000)
  eden space 49152K, 0% used [0x0000000780500000,0x0000000780500000,0x0000000783500000)
  from space 8192K, 99% used [0x0000000783500000,0x0000000783cfebe0,0x0000000783d00000)
  to   space 8192K, 0% used [0x0000000783d00000,0x0000000783d00000,0x0000000784500000)
 ParOldGen       total 131072K, used 229K [0x0000000700e00000, 0x0000000708e00000, 0x0000000780500000)
  object space 131072K, 0% used [0x0000000700e00000,0x0000000700e39458,0x0000000708e00000)
 Metaspace       used 20142K, capacity 21204K, committed 21248K, reserved 1067008K
  class space    used 2820K, capacity 3039K, committed 3072K, reserved 1048576K
}
Event: 1.575 GC heap before
{Heap before GC invocations=2 (full 1):
 PSYoungGen      total 57344K, used 8186K [0x0000000780500000, 0x0000000784500000, 0x00000007c0000000)
  eden space 49152K, 0% used [0x0000000780500000,0x0000000780500000,0x0000000783500000)
  from space 8192K, 99% used [0x0000000783500000,0x0000000783cfebe0,0x0000000783d00000)
  to   space 8192K, 0% used [0x0000000783d00000,0x0000000783d00000,0x0000000784500000)
 ParOldGen       total 131072K, used 229K [0x0000000700e00000, 0x0000000708e00000, 0x0000000780500000)
  object space 131072K, 0% used [0x0000000700e00000,0x0000000700e39458,0x0000000708e00000)
 Metaspace       used 20142K, capacity 21204K, committed 21248K, reserved 1067008K
  class space    used 2820K, capacity 3039K, committed 3072K, reserved 1048576K
Event: 1.601 GC heap after
Heap after GC invocations=2 (full 1):
 PSYoungGen      total 57344K, used 0K [0x0000000780500000, 0x0000000784500000, 0x00000007c0000000)
  eden space 49152K, 0% used [0x0000000780500000,0x0000000780500000,0x0000000783500000)
  from space 8192K, 0% used [0x0000000783500000,0x0000000783500000,0x0000000783d00000)
  to   space 8192K, 0% used [0x0000000783d00000,0x0000000783d00000,0x0000000784500000)
 ParOldGen       total 98304K, used 8153K [0x0000000700e00000, 0x0000000706e00000, 0x0000000780500000)
  object space 98304K, 8% used [0x0000000700e00000,0x00000007015f6490,0x0000000706e00000)
 Metaspace       used 20142K, capacity 21204K, committed 21248K, reserved 1067008K
  class space    used 2820K, capacity 3039K, committed 3072K, reserved 1048576K
}

